# JRE version: Java(TM) SE Runtime Environment (8.0_161-b12) (build 1.8.0_161-b12)
# Java VM: Java HotSpot(TM) 64-Bit Server VM (25.161-b12 mixed mode bsd-amd64 compressed oops)
Heap:
 PSYoungGen      total 420864K, used 105792K [0x000000076ab00000, 0x000000078f700000, 0x00000007c0000000)
  eden space 361472K, 13% used [0x000000076ab00000,0x000000076db015b0,0x0000000780c00000)
  from space 59392K, 95% used [0x0000000780c00000,0x000000078434edd8,0x0000000784600000)
  to   space 67584K, 0% used [0x000000078b500000,0x000000078b500000,0x000000078f700000)
 ParOldGen       total 166400K, used 88657K [0x00000006c0000000, 0x00000006ca280000, 0x000000076ab00000)
  object space 166400K, 53% used [0x00000006c0000000,0x00000006c5694478,0x00000006ca280000)
 Metaspace       used 46589K, capacity 47483K, committed 47704K, reserved 1089536K
  class space    used 7480K, capacity 7704K, committed 7808K, reserved 1048576K
GC Heap History (10 events):
Event: 13.553 GC heap before
{Heap before GC invocations=9 (full 2):
 PSYoungGen      total 217600K, used 198144K [0x000000076ab00000, 0x0000000779a00000, 0x00000007c0000000)
  eden space 198144K, 100% used [0x000000076ab00000,0x0000000776c80000,0x0000000776c80000)
  from space 19456K, 0% used [0x0000000778700000,0x0000000778700000,0x0000000779a00000)
  to   space 22528K, 0% used [0x0000000776e00000,0x0000000776e00000,0x0000000778400000)
 ParOldGen       total 166400K, used 17097K [0x00000006c0000000, 0x00000006ca280000, 0x000000076ab00000)
  object space 166400K, 10% used [0x00000006c0000000,0x00000006c10b2600,0x00000006ca280000)
 Metaspace       used 39833K, capacity 40549K, committed 40792K, reserved 1083392K
  class space    used 6557K, capacity 6733K, committed 6784K, reserved 1048576K
Event: 13.571 GC heap after
Heap after GC invocations=9 (full 2):
 PSYoungGen      total 222208K, used 22518K [0x000000076ab00000, 0x0000000780680000, 0x00000007c0000000)
  eden space 199680K, 0% used [0x000000076ab00000,0x000000076ab00000,0x0000000776e00000)
  from space 22528K, 99% used [0x0000000776e00000,0x00000007783fd9a0,0x0000000778400000)
  to   space 33792K, 0% used [0x000000077e580000,0x000000077e580000,0x0000000780680000)
 ParOldGen       total 166400K, used 33432K [0x00000006c0000000, 0x00000006ca280000, 0x000000076ab00000)
  object space 166400K, 20% used [0x00000006c0000000,0x00000006c20a6390,0x00000006ca280000)
 Metaspace       used 39833K, capacity 40549K, committed 40792K, reserved 1083392K
  class space    used 6557K, capacity 6733K, committed 6784K, reserved 1048576K
}
Event: 13.759 GC heap before
{Heap before GC invocations=10 (full 2):
 PSYoungGen      total 222208K, used 222198K [0x000000076ab00000, 0x0000000780680000, 0x00000007c0000000)
  eden space 199680K, 100% used [0x000000076ab00000,0x0000000776e00000,0x0000000776e00000)
  from space 22528K, 99% used [0x0000000776e00000,0x00000007783fd9a0,0x0000000778400000)
  to   space 33792K, 0% used [0x000000077e580000,0x000000077e580000,0x0000000780680000)
 ParOldGen       total 166400K, used 33432K [0x00000006c0000000, 0x00000006ca280000, 0x000000076ab00000)
  object space 166400K, 20% used [0x00000006c0000000,0x00000006c20a6390,0x00000006ca280000)
 Metaspace       used 39846K, capacity 40549K, committed 40792K, reserved 1083392K
  class space    used 6559K, capacity 6733K, committed 6784K, reserved 1048576K
Event: 13.774 GC heap after
Heap after GC invocations=10 (full 2):
 PSYoungGen      total 314880K, used 33784K [0x000000076ab00000, 0x0000000782f00000, 0x00000007c0000000)
  eden space 281088K, 0% used [0x000000076ab00000,0x000000076ab00000,0x000000077bd80000)
  from space 33792K, 99% used [0x000000077e580000,0x000000078067e120,0x0000000780680000)
  to   space 40960K, 0% used [0x000000077bd80000,0x000000077bd80000,0x000000077e580000)
 ParOldGen       total 166400K, used 38664K [0x00000006c0000000, 0x00000006ca280000, 0x000000076ab00000)
  object space 166400K, 23% used [0x00000006c0000000,0x00000006c25c2390,0x00000006ca280000)
 Metaspace       used 39846K, capacity 40549K, committed 40792K, reserved 1083392K
  class space    used 6559K, capacity 6733K, committed 6784K, reserved 1048576K
}
Event: 15.267 GC heap before
{Heap before GC invocations=11 (full 2):
 PSYoungGen      total 314880K, used 313916K [0x000000076ab00000, 0x0000000782f00000, 0x00000007c0000000)
  eden space 281088K, 99% used [0x000000076ab00000,0x000000077bc911f8,0x000000077bd80000)
  from space 33792K, 99% used [0x000000077e580000,0x000000078067e120,0x0000000780680000)
  to   space 40960K, 0% used [0x000000077bd80000,0x000000077bd80000,0x000000077e580000)
 ParOldGen       total 166400K, used 46857K [0x00000006c0000000, 0x00000006ca280000, 0x000000076ab00000)
  object space 166400K, 28% used [0x00000006c0000000,0x00000006c2dc27a0,0x00000006ca280000)
 Metaspace       used 44603K, capacity 45521K, committed 45656K, reserved 1087488K
  class space    used 7326K, capacity 7531K, committed 7552K, reserved 1048576K
Event: 15.289 GC heap after
Heap after GC invocations=11 (full 2):
 PSYoungGen      total 322048K, used 40939K [0x000000076ab00000, 0x0000000787500000, 0x00000007c0000000)
  eden space 281088K, 0% used [0x000000076ab00000,0x000000076ab00000,0x000000077bd80000)
  from space 40960K, 99% used [0x000000077bd80000,0x000000077e57ade0,0x000000077e580000)
  to   space 48128K, 0% used [0x0000000784600000,0x0000000784600000,0x0000000787500000)
 ParOldGen       total 166400K, used 49869K [0x00000006c0000000, 0x00000006ca280000, 0x000000076ab00000)
  object space 166400K, 29% used [0x00000006c0000000,0x00000006c30b3568,0x00000006ca280000)
 Metaspace       used 44603K, capacity 45521K, committed 45656K, reserved 1087488K
  class space    used 7326K, capacity 7531K, committed 7552K, reserved 1048576K
}
Event: 16.028 GC heap before
{Heap before GC invocations=12 (full 2):
 PSYoungGen      total 322048K, used 322027K [0x000000076ab00000, 0x0000000787500000, 0x00000007c0000000)
  eden space 281088K, 100% used [0x000000076ab00000,0x000000077bd80000,0x000000077bd80000)
  from space 40960K, 99% used [0x000000077bd80000,0x000000077e57ade0,0x000000077e580000)
  to   space 48128K, 0% used [0x0000000784600000,0x0000000784600000,0x0000000787500000)
 ParOldGen       total 166400K, used 50334K [0x00000006c0000000, 0x00000006ca280000, 0x000000076ab00000)
  object space 166400K, 30% used [0x00000006c0000000,0x00000006c3127980,0x00000006ca280000)
 Metaspace       used 44885K, capacity 45815K, committed 46040K, reserved 1087488K
  class space    used 7336K, capacity 7564K, committed 7680K, reserved 1048576K
Event: 16.055 GC heap after
Heap after GC invocations=12 (full 2):
 PSYoungGen      total 409600K, used 48110K [0x000000076ab00000, 0x0000000788d80000, 0x00000007c0000000)
  eden space 361472K, 0% used [0x000000076ab00000,0x000000076ab00000,0x0000000780c00000)
  from space 48128K, 99% used [0x0000000784600000,0x00000007874fb9a8,0x0000000787500000)
  to   space 59392K, 0% used [0x0000000780c00000,0x0000000780c00000,0x0000000784600000)
 ParOldGen       total 166400K, used 62470K [0x00000006c0000000, 0x00000006ca280000, 0x000000076ab00000)
  object space 166400K, 37% used [0x00000006c0000000,0x00000006c3d01ac8,0x00000006ca280000)
 Metaspace       used 44885K, capacity 45815K, committed 46040K, reserved 1087488K
  class space    used 7336K, capacity 7564K, committed 7680K, reserved 1048576K
}
Event: 190.938 GC heap before
{Heap before GC invocations=13 (full 2):
 PSYoungGen      total 409600K, used 409582K [0x000000076ab00000, 0x0000000788d80000, 0x00000007c0000000)
  eden space 361472K, 100% used [0x000000076ab00000,0x0000000780c00000,0x0000000780c00000)
  from space 48128K, 99% used [0x0000000784600000,0x00000007874fb9a8,0x0000000787500000)
  to   space 59392K, 0% used [0x0000000780c00000,0x0000000780c00000,0x0000000784600000)
 ParOldGen       total 166400K, used 62473K [0x00000006c0000000, 0x00000006ca280000, 0x000000076ab00000)
  object space 166400K, 37% used [0x00000006c0000000,0x00000006c3d02650,0x00000006ca280000)
 Metaspace       used 46399K, capacity 47289K, committed 47576K, reserved 1089536K
  class space    used 7448K, capacity 7639K, committed 7680K, reserved 1048576K
Event: 190.968 GC heap after
Heap after GC invocations=13 (full 2):
 PSYoungGen      total 420864K, used 56635K [0x000000076ab00000, 0x000000078f700000, 0x00000007c0000000)
  eden space 361472K, 0% used [0x000000076ab00000,0x000000076ab00000,0x0000000780c00000)
  from space 59392K, 95% used [0x0000000780c00000,0x000000078434edd8,0x0000000784600000)
  to   space 67584K, 0% used [0x000000078b500000,0x000000078b500000,0x000000078f700000)
 ParOldGen       total 166400K, used 88657K [0x00000006c0000000, 0x00000006ca280000, 0x000000076ab00000)
  object space 166400K, 53% used [0x00000006c0000000,0x00000006c5694478,0x00000006ca280000)
 Metaspace       used 46399K, capacity 47289K, committed 47576K, reserved 1089536K
  class space    used 7448K, capacity 7639K, committed 7680K, reserved 1048576K
}

