# JRE version: Java(TM) SE Runtime Environment (8.0_161-b12) (build 1.8.0_161-b12)
# Java VM: Java HotSpot(TM) 64-Bit Server VM (25.161-b12 mixed mode bsd-amd64 compressed oops)
Heap:
 PSYoungGen      total 626176K, used 317645K [0x000000076ab00000, 0x0000000793e80000, 0x00000007c0000000)
  eden space 578048K, 49% used [0x000000076ab00000,0x000000077c4e2510,0x000000078df80000)
  from space 48128K, 60% used [0x0000000790f80000,0x0000000792bd1238,0x0000000793e80000)
  to   space 48640K, 0% used [0x000000078df80000,0x000000078df80000,0x0000000790f00000)
 ParOldGen       total 167936K, used 85790K [0x00000006c0000000, 0x00000006ca400000, 0x000000076ab00000)
  object space 167936K, 51% used [0x00000006c0000000,0x00000006c53c7b40,0x00000006ca400000)
 Metaspace       used 47215K, capacity 48307K, committed 48600K, reserved 1089536K
  class space    used 7592K, capacity 7828K, committed 7936K, reserved 1048576K
GC Heap History (10 events):
Event: 452.641 GC heap before
{Heap before GC invocations=20 (full 2):
 PSYoungGen      total 430592K, used 406885K [0x000000076ab00000, 0x000000078c280000, 0x00000007c0000000)
  eden space 376320K, 100% used [0x000000076ab00000,0x0000000781a80000,0x0000000781a80000)
  from space 54272K, 56% used [0x0000000781a80000,0x00000007838595e0,0x0000000784f80000)
  to   space 52736K, 0% used [0x0000000788f00000,0x0000000788f00000,0x000000078c280000)
 ParOldGen       total 167936K, used 81435K [0x00000006c0000000, 0x00000006ca400000, 0x000000076ab00000)
  object space 167936K, 48% used [0x00000006c0000000,0x00000006c4f86ce0,0x00000006ca400000)
 Metaspace       used 47028K, capacity 48019K, committed 48216K, reserved 1089536K
  class space    used 7566K, capacity 7796K, committed 7808K, reserved 1048576K
Event: 452.665 GC heap after
Heap after GC invocations=20 (full 2):
 PSYoungGen      total 494592K, used 37390K [0x000000076ab00000, 0x000000078c800000, 0x00000007c0000000)
  eden space 441856K, 0% used [0x000000076ab00000,0x000000076ab00000,0x0000000785a80000)
  from space 52736K, 70% used [0x0000000788f00000,0x000000078b383bb8,0x000000078c280000)
  to   space 53760K, 0% used [0x0000000785a80000,0x0000000785a80000,0x0000000788f00000)
 ParOldGen       total 167936K, used 81435K [0x00000006c0000000, 0x00000006ca400000, 0x000000076ab00000)
  object space 167936K, 48% used [0x00000006c0000000,0x00000006c4f86ce0,0x00000006ca400000)
 Metaspace       used 47028K, capacity 48019K, committed 48216K, reserved 1089536K
  class space    used 7566K, capacity 7796K, committed 7808K, reserved 1048576K
}
Event: 462.487 GC heap before
{Heap before GC invocations=21 (full 2):
 PSYoungGen      total 494592K, used 479246K [0x000000076ab00000, 0x000000078c800000, 0x00000007c0000000)
  eden space 441856K, 100% used [0x000000076ab00000,0x0000000785a80000,0x0000000785a80000)
  from space 52736K, 70% used [0x0000000788f00000,0x000000078b383bb8,0x000000078c280000)
  to   space 53760K, 0% used [0x0000000785a80000,0x0000000785a80000,0x0000000788f00000)
 ParOldGen       total 167936K, used 81435K [0x00000006c0000000, 0x00000006ca400000, 0x000000076ab00000)
  object space 167936K, 48% used [0x00000006c0000000,0x00000006c4f86ce0,0x00000006ca400000)
 Metaspace       used 47034K, capacity 48083K, committed 48216K, reserved 1089536K
  class space    used 7566K, capacity 7796K, committed 7808K, reserved 1048576K
Event: 462.504 GC heap after
Heap after GC invocations=21 (full 2):
 PSYoungGen      total 495616K, used 30689K [0x000000076ab00000, 0x0000000790580000, 0x00000007c0000000)
  eden space 441856K, 0% used [0x000000076ab00000,0x000000076ab00000,0x0000000785a80000)
  from space 53760K, 57% used [0x0000000785a80000,0x0000000787878640,0x0000000788f00000)
  to   space 51712K, 0% used [0x000000078d300000,0x000000078d300000,0x0000000790580000)
 ParOldGen       total 167936K, used 81435K [0x00000006c0000000, 0x00000006ca400000, 0x000000076ab00000)
  object space 167936K, 48% used [0x00000006c0000000,0x00000006c4f86ce0,0x00000006ca400000)
 Metaspace       used 47034K, capacity 48083K, committed 48216K, reserved 1089536K
  class space    used 7566K, capacity 7796K, committed 7808K, reserved 1048576K
}
Event: 467.667 GC heap before
{Heap before GC invocations=22 (full 2):
 PSYoungGen      total 495616K, used 472545K [0x000000076ab00000, 0x0000000790580000, 0x00000007c0000000)
  eden space 441856K, 100% used [0x000000076ab00000,0x0000000785a80000,0x0000000785a80000)
  from space 53760K, 57% used [0x0000000785a80000,0x0000000787878640,0x0000000788f00000)
  to   space 51712K, 0% used [0x000000078d300000,0x000000078d300000,0x0000000790580000)
 ParOldGen       total 167936K, used 81435K [0x00000006c0000000, 0x00000006ca400000, 0x000000076ab00000)
  object space 167936K, 48% used [0x00000006c0000000,0x00000006c4f86ce0,0x00000006ca400000)
 Metaspace       used 47039K, capacity 48083K, committed 48216K, reserved 1089536K
  class space    used 7566K, capacity 7796K, committed 7808K, reserved 1048576K
Event: 467.685 GC heap after
Heap after GC invocations=22 (full 2):
 PSYoungGen      total 545792K, used 32959K [0x000000076ab00000, 0x000000078fb80000, 0x00000007c0000000)
  eden space 504320K, 0% used [0x000000076ab00000,0x000000076ab00000,0x0000000789780000)
  from space 41472K, 79% used [0x000000078d300000,0x000000078f32fce8,0x000000078fb80000)
  to   space 51200K, 0% used [0x0000000789780000,0x0000000789780000,0x000000078c980000)
 ParOldGen       total 167936K, used 81435K [0x00000006c0000000, 0x00000006ca400000, 0x000000076ab00000)
  object space 167936K, 48% used [0x00000006c0000000,0x00000006c4f86ce0,0x00000006ca400000)
 Metaspace       used 47039K, capacity 48083K, committed 48216K, reserved 1089536K
  class space    used 7566K, capacity 7796K, committed 7808K, reserved 1048576K
}
Event: 468.666 GC heap before
{Heap before GC invocations=23 (full 2):
 PSYoungGen      total 545792K, used 537279K [0x000000076ab00000, 0x000000078fb80000, 0x00000007c0000000)
  eden space 504320K, 100% used [0x000000076ab00000,0x0000000789780000,0x0000000789780000)
  from space 41472K, 79% used [0x000000078d300000,0x000000078f32fce8,0x000000078fb80000)
  to   space 51200K, 0% used [0x0000000789780000,0x0000000789780000,0x000000078c980000)
 ParOldGen       total 167936K, used 81435K [0x00000006c0000000, 0x00000006ca400000, 0x000000076ab00000)
  object space 167936K, 48% used [0x00000006c0000000,0x00000006c4f86ce0,0x00000006ca400000)
 Metaspace       used 47042K, capacity 48083K, committed 48216K, reserved 1089536K
  class space    used 7566K, capacity 7796K, committed 7808K, reserved 1048576K
Event: 468.680 GC heap after
Heap after GC invocations=23 (full 2):
 PSYoungGen      total 555520K, used 34191K [0x000000076ab00000, 0x0000000794100000, 0x00000007c0000000)
  eden space 504320K, 0% used [0x000000076ab00000,0x000000076ab00000,0x0000000789780000)
  from space 51200K, 66% used [0x0000000789780000,0x000000078b8e3e80,0x000000078c980000)
  to   space 50688K, 0% used [0x0000000790f80000,0x0000000790f80000,0x0000000794100000)
 ParOldGen       total 167936K, used 81443K [0x00000006c0000000, 0x00000006ca400000, 0x000000076ab00000)
  object space 167936K, 48% used [0x00000006c0000000,0x00000006c4f88ce0,0x00000006ca400000)
 Metaspace       used 47042K, capacity 48083K, committed 48216K, reserved 1089536K
  class space    used 7566K, capacity 7796K, committed 7808K, reserved 1048576K
}
Event: 470.025 GC heap before
{Heap before GC invocations=24 (full 2):
 PSYoungGen      total 555520K, used 538511K [0x000000076ab00000, 0x0000000794100000, 0x00000007c0000000)
  eden space 504320K, 100% used [0x000000076ab00000,0x0000000789780000,0x0000000789780000)
  from space 51200K, 66% used [0x0000000789780000,0x000000078b8e3e80,0x000000078c980000)
  to   space 50688K, 0% used [0x0000000790f80000,0x0000000790f80000,0x0000000794100000)
 ParOldGen       total 167936K, used 81443K [0x00000006c0000000, 0x00000006ca400000, 0x000000076ab00000)
  object space 167936K, 48% used [0x00000006c0000000,0x00000006c4f88ce0,0x00000006ca400000)
 Metaspace       used 47052K, capacity 48147K, committed 48216K, reserved 1089536K
  class space    used 7566K, capacity 7796K, committed 7808K, reserved 1048576K
Event: 470.044 GC heap after
Heap after GC invocations=24 (full 2):
 PSYoungGen      total 626176K, used 28996K [0x000000076ab00000, 0x0000000793e80000, 0x00000007c0000000)
  eden space 578048K, 0% used [0x000000076ab00000,0x000000076ab00000,0x000000078df80000)
  from space 48128K, 60% used [0x0000000790f80000,0x0000000792bd1238,0x0000000793e80000)
  to   space 48640K, 0% used [0x000000078df80000,0x000000078df80000,0x0000000790f00000)
 ParOldGen       total 167936K, used 85790K [0x00000006c0000000, 0x00000006ca400000, 0x000000076ab00000)
  object space 167936K, 51% used [0x00000006c0000000,0x00000006c53c7b40,0x00000006ca400000)
 Metaspace       used 47052K, capacity 48147K, committed 48216K, reserved 1089536K
  class space    used 7566K, capacity 7796K, committed 7808K, reserved 1048576K
}

