# JRE version: Java(TM) SE Runtime Environment (8.0_161-b12) (build 1.8.0_161-b12)
# Java VM: Java HotSpot(TM) 64-Bit Server VM (25.161-b12 mixed mode bsd-amd64 compressed oops)
Heap:
 PSYoungGen      total 464384K, used 462488K [0x000000076ab00000, 0x000000078d100000, 0x00000007c0000000)
  eden space 434688K, 99% used [0x000000076ab00000,0x00000007851d2aa0,0x0000000785380000)
  from space 29696K, 99% used [0x000000078b400000,0x000000078d0d38d0,0x000000078d100000)
  to   space 40448K, 0% used [0x0000000788200000,0x0000000788200000,0x000000078a980000)
 ParOldGen       total 157696K, used 26860K [0x00000006c0000000, 0x00000006c9a00000, 0x000000076ab00000)
  object space 157696K, 17% used [0x00000006c0000000,0x00000006c1a3b180,0x00000006c9a00000)
 Metaspace       used 47080K, capacity 48097K, committed 48216K, reserved 1089536K
  class space    used 7536K, capacity 7763K, committed 7808K, reserved 1048576K
GC Heap History (10 events):
Event: 74.418 GC heap before
{Heap before GC invocations=14 (full 2):
 PSYoungGen      total 390144K, used 377416K [0x000000076ab00000, 0x0000000788700000, 0x00000007c0000000)
  eden space 352256K, 100% used [0x000000076ab00000,0x0000000780300000,0x0000000780300000)
  from space 37888K, 66% used [0x0000000780300000,0x0000000781b922a0,0x0000000782800000)
  to   space 37888K, 0% used [0x0000000786200000,0x0000000786200000,0x0000000788700000)
 ParOldGen       total 157696K, used 26836K [0x00000006c0000000, 0x00000006c9a00000, 0x000000076ab00000)
  object space 157696K, 17% used [0x00000006c0000000,0x00000006c1a35180,0x00000006c9a00000)
 Metaspace       used 46425K, capacity 47443K, committed 47704K, reserved 1089536K
  class space    used 7475K, capacity 7696K, committed 7808K, reserved 1048576K
Event: 74.434 GC heap after
Heap after GC invocations=14 (full 2):
 PSYoungGen      total 441344K, used 31067K [0x000000076ab00000, 0x0000000788500000, 0x00000007c0000000)
  eden space 405504K, 0% used [0x000000076ab00000,0x000000076ab00000,0x0000000783700000)
  from space 35840K, 86% used [0x0000000786200000,0x0000000788056fe0,0x0000000788500000)
  to   space 39936K, 0% used [0x0000000783700000,0x0000000783700000,0x0000000785e00000)
 ParOldGen       total 157696K, used 26836K [0x00000006c0000000, 0x00000006c9a00000, 0x000000076ab00000)
  object space 157696K, 17% used [0x00000006c0000000,0x00000006c1a35180,0x00000006c9a00000)
 Metaspace       used 46425K, capacity 47443K, committed 47704K, reserved 1089536K
  class space    used 7475K, capacity 7696K, committed 7808K, reserved 1048576K
}
Event: 86.156 GC heap before
{Heap before GC invocations=15 (full 2):
 PSYoungGen      total 441344K, used 436571K [0x000000076ab00000, 0x0000000788500000, 0x00000007c0000000)
  eden space 405504K, 100% used [0x000000076ab00000,0x0000000783700000,0x0000000783700000)
  from space 35840K, 86% used [0x0000000786200000,0x0000000788056fe0,0x0000000788500000)
  to   space 39936K, 0% used [0x0000000783700000,0x0000000783700000,0x0000000785e00000)
 ParOldGen       total 157696K, used 26836K [0x00000006c0000000, 0x00000006c9a00000, 0x000000076ab00000)
  object space 157696K, 17% used [0x00000006c0000000,0x00000006c1a35180,0x00000006c9a00000)
 Metaspace       used 46498K, capacity 47539K, committed 47704K, reserved 1089536K
  class space    used 7482K, capacity 7728K, committed 7808K, reserved 1048576K
Event: 86.164 GC heap after
Heap after GC invocations=15 (full 2):
 PSYoungGen      total 445440K, used 26769K [0x000000076ab00000, 0x000000078b680000, 0x00000007c0000000)
  eden space 405504K, 0% used [0x000000076ab00000,0x000000076ab00000,0x0000000783700000)
  from space 39936K, 67% used [0x0000000783700000,0x0000000785124440,0x0000000785e00000)
  to   space 39936K, 0% used [0x0000000788f80000,0x0000000788f80000,0x000000078b680000)
 ParOldGen       total 157696K, used 26836K [0x00000006c0000000, 0x00000006c9a00000, 0x000000076ab00000)
  object space 157696K, 17% used [0x00000006c0000000,0x00000006c1a35180,0x00000006c9a00000)
 Metaspace       used 46498K, capacity 47539K, committed 47704K, reserved 1089536K
  class space    used 7482K, capacity 7728K, committed 7808K, reserved 1048576K
}
Event: 90.148 GC heap before
{Heap before GC invocations=16 (full 2):
 PSYoungGen      total 445440K, used 432273K [0x000000076ab00000, 0x000000078b680000, 0x00000007c0000000)
  eden space 405504K, 100% used [0x000000076ab00000,0x0000000783700000,0x0000000783700000)
  from space 39936K, 67% used [0x0000000783700000,0x0000000785124440,0x0000000785e00000)
  to   space 39936K, 0% used [0x0000000788f80000,0x0000000788f80000,0x000000078b680000)
 ParOldGen       total 157696K, used 26836K [0x00000006c0000000, 0x00000006c9a00000, 0x000000076ab00000)
  object space 157696K, 17% used [0x00000006c0000000,0x00000006c1a35180,0x00000006c9a00000)
 Metaspace       used 46504K, capacity 47539K, committed 47704K, reserved 1089536K
  class space    used 7482K, capacity 7728K, committed 7808K, reserved 1048576K
Event: 90.162 GC heap after
Heap after GC invocations=16 (full 2):
 PSYoungGen      total 488960K, used 28622K [0x000000076ab00000, 0x000000078b380000, 0x00000007c0000000)
  eden space 452096K, 0% used [0x000000076ab00000,0x000000076ab00000,0x0000000786480000)
  from space 36864K, 77% used [0x0000000788f80000,0x000000078ab73840,0x000000078b380000)
  to   space 40448K, 0% used [0x0000000786480000,0x0000000786480000,0x0000000788c00000)
 ParOldGen       total 157696K, used 26844K [0x00000006c0000000, 0x00000006c9a00000, 0x000000076ab00000)
  object space 157696K, 17% used [0x00000006c0000000,0x00000006c1a37180,0x00000006c9a00000)
 Metaspace       used 46504K, capacity 47539K, committed 47704K, reserved 1089536K
  class space    used 7482K, capacity 7728K, committed 7808K, reserved 1048576K
}
Event: 104.706 GC heap before
{Heap before GC invocations=17 (full 2):
 PSYoungGen      total 488960K, used 480718K [0x000000076ab00000, 0x000000078b380000, 0x00000007c0000000)
  eden space 452096K, 100% used [0x000000076ab00000,0x0000000786480000,0x0000000786480000)
  from space 36864K, 77% used [0x0000000788f80000,0x000000078ab73840,0x000000078b380000)
  to   space 40448K, 0% used [0x0000000786480000,0x0000000786480000,0x0000000788c00000)
 ParOldGen       total 157696K, used 26844K [0x00000006c0000000, 0x00000006c9a00000, 0x000000076ab00000)
  object space 157696K, 17% used [0x00000006c0000000,0x00000006c1a37180,0x00000006c9a00000)
 Metaspace       used 46536K, capacity 47603K, committed 47960K, reserved 1089536K
  class space    used 7482K, capacity 7728K, committed 7808K, reserved 1048576K
Event: 104.713 GC heap after
Heap after GC invocations=17 (full 2):
 PSYoungGen      total 492544K, used 24688K [0x000000076ab00000, 0x000000078da80000, 0x00000007c0000000)
  eden space 452096K, 0% used [0x000000076ab00000,0x000000076ab00000,0x0000000786480000)
  from space 40448K, 61% used [0x0000000786480000,0x0000000787c9c0f8,0x0000000788c00000)
  to   space 39424K, 0% used [0x000000078b400000,0x000000078b400000,0x000000078da80000)
 ParOldGen       total 157696K, used 26852K [0x00000006c0000000, 0x00000006c9a00000, 0x000000076ab00000)
  object space 157696K, 17% used [0x00000006c0000000,0x00000006c1a39180,0x00000006c9a00000)
 Metaspace       used 46536K, capacity 47603K, committed 47960K, reserved 1089536K
  class space    used 7482K, capacity 7728K, committed 7808K, reserved 1048576K
}
Event: 132.233 GC heap before
{Heap before GC invocations=18 (full 2):
 PSYoungGen      total 492544K, used 476784K [0x000000076ab00000, 0x000000078da80000, 0x00000007c0000000)
  eden space 452096K, 100% used [0x000000076ab00000,0x0000000786480000,0x0000000786480000)
  from space 40448K, 61% used [0x0000000786480000,0x0000000787c9c0f8,0x0000000788c00000)
  to   space 39424K, 0% used [0x000000078b400000,0x000000078b400000,0x000000078da80000)
 ParOldGen       total 157696K, used 26852K [0x00000006c0000000, 0x00000006c9a00000, 0x000000076ab00000)
  object space 157696K, 17% used [0x00000006c0000000,0x00000006c1a39180,0x00000006c9a00000)
 Metaspace       used 46631K, capacity 47667K, committed 47960K, reserved 1089536K
  class space    used 7484K, capacity 7728K, committed 7808K, reserved 1048576K
Event: 132.256 GC heap after
Heap after GC invocations=18 (full 2):
 PSYoungGen      total 464384K, used 29518K [0x000000076ab00000, 0x000000078d100000, 0x00000007c0000000)
  eden space 434688K, 0% used [0x000000076ab00000,0x000000076ab00000,0x0000000785380000)
  from space 29696K, 99% used [0x000000078b400000,0x000000078d0d38d0,0x000000078d100000)
  to   space 40448K, 0% used [0x0000000788200000,0x0000000788200000,0x000000078a980000)
 ParOldGen       total 157696K, used 26860K [0x00000006c0000000, 0x00000006c9a00000, 0x000000076ab00000)
  object space 157696K, 17% used [0x00000006c0000000,0x00000006c1a3b180,0x00000006c9a00000)
 Metaspace       used 46631K, capacity 47667K, committed 47960K, reserved 1089536K
  class space    used 7484K, capacity 7728K, committed 7808K, reserved 1048576K
}

