# JRE version: Java(TM) SE Runtime Environment (8.0_161-b12) (build 1.8.0_161-b12)
# Java VM: Java HotSpot(TM) 64-Bit Server VM (25.161-b12 mixed mode bsd-amd64 compressed oops)
Heap:
 PSYoungGen      total 484352K, used 294629K [0x000000076ab00000, 0x000000078ce00000, 0x00000007c0000000)
  eden space 452608K, 60% used [0x000000076ab00000,0x000000077b54abd8,0x0000000786500000)
  from space 31744K, 69% used [0x0000000786500000,0x0000000787a6ea88,0x0000000788400000)
  to   space 30720K, 0% used [0x000000078b000000,0x000000078b000000,0x000000078ce00000)
 ParOldGen       total 170496K, used 22416K [0x00000006c0000000, 0x00000006ca680000, 0x000000076ab00000)
  object space 170496K, 13% used [0x00000006c0000000,0x00000006c15e4340,0x00000006ca680000)
 Metaspace       used 46795K, capacity 47813K, committed 47960K, reserved 1089536K
  class space    used 7531K, capacity 7757K, committed 7808K, reserved 1048576K
GC Heap History (10 events):
Event: 112.348 GC heap before
{Heap before GC invocations=15 (full 2):
 PSYoungGen      total 380416K, used 376397K [0x000000076ab00000, 0x0000000784500000, 0x00000007c0000000)
  eden space 354304K, 100% used [0x000000076ab00000,0x0000000780500000,0x0000000780500000)
  from space 26112K, 84% used [0x0000000782b80000,0x00000007841137b8,0x0000000784500000)
  to   space 32768K, 0% used [0x0000000780500000,0x0000000780500000,0x0000000782500000)
 ParOldGen       total 170496K, used 22400K [0x00000006c0000000, 0x00000006ca680000, 0x000000076ab00000)
  object space 170496K, 13% used [0x00000006c0000000,0x00000006c15e0340,0x00000006ca680000)
 Metaspace       used 46587K, capacity 47557K, committed 47704K, reserved 1089536K
  class space    used 7497K, capacity 7693K, committed 7808K, reserved 1048576K
Event: 112.357 GC heap after
Heap after GC invocations=15 (full 2):
 PSYoungGen      total 387072K, used 21133K [0x000000076ab00000, 0x0000000786e00000, 0x00000007c0000000)
  eden space 354304K, 0% used [0x000000076ab00000,0x000000076ab00000,0x0000000780500000)
  from space 32768K, 64% used [0x0000000780500000,0x00000007819a3498,0x0000000782500000)
  to   space 32256K, 0% used [0x0000000784e80000,0x0000000784e80000,0x0000000786e00000)
 ParOldGen       total 170496K, used 22400K [0x00000006c0000000, 0x00000006ca680000, 0x000000076ab00000)
  object space 170496K, 13% used [0x00000006c0000000,0x00000006c15e0340,0x00000006ca680000)
 Metaspace       used 46587K, capacity 47557K, committed 47704K, reserved 1089536K
  class space    used 7497K, capacity 7693K, committed 7808K, reserved 1048576K
}
Event: 113.936 GC heap before
{Heap before GC invocations=16 (full 2):
 PSYoungGen      total 387072K, used 375437K [0x000000076ab00000, 0x0000000786e00000, 0x00000007c0000000)
  eden space 354304K, 100% used [0x000000076ab00000,0x0000000780500000,0x0000000780500000)
  from space 32768K, 64% used [0x0000000780500000,0x00000007819a3498,0x0000000782500000)
  to   space 32256K, 0% used [0x0000000784e80000,0x0000000784e80000,0x0000000786e00000)
 ParOldGen       total 170496K, used 22400K [0x00000006c0000000, 0x00000006ca680000, 0x000000076ab00000)
  object space 170496K, 13% used [0x00000006c0000000,0x00000006c15e0340,0x00000006ca680000)
 Metaspace       used 46609K, capacity 47557K, committed 47704K, reserved 1089536K
  class space    used 7497K, capacity 7693K, committed 7808K, reserved 1048576K
Event: 113.950 GC heap after
Heap after GC invocations=16 (full 2):
 PSYoungGen      total 429568K, used 22850K [0x000000076ab00000, 0x0000000787200000, 0x00000007c0000000)
  eden space 397312K, 0% used [0x000000076ab00000,0x000000076ab00000,0x0000000782f00000)
  from space 32256K, 70% used [0x0000000784e80000,0x00000007864d08b8,0x0000000786e00000)
  to   space 32256K, 0% used [0x0000000782f00000,0x0000000782f00000,0x0000000784e80000)
 ParOldGen       total 170496K, used 22400K [0x00000006c0000000, 0x00000006ca680000, 0x000000076ab00000)
  object space 170496K, 13% used [0x00000006c0000000,0x00000006c15e0340,0x00000006ca680000)
 Metaspace       used 46609K, capacity 47557K, committed 47704K, reserved 1089536K
  class space    used 7497K, capacity 7693K, committed 7808K, reserved 1048576K
}
Event: 115.020 GC heap before
{Heap before GC invocations=17 (full 2):
 PSYoungGen      total 429568K, used 420162K [0x000000076ab00000, 0x0000000787200000, 0x00000007c0000000)
  eden space 397312K, 100% used [0x000000076ab00000,0x0000000782f00000,0x0000000782f00000)
  from space 32256K, 70% used [0x0000000784e80000,0x00000007864d08b8,0x0000000786e00000)
  to   space 32256K, 0% used [0x0000000782f00000,0x0000000782f00000,0x0000000784e80000)
 ParOldGen       total 170496K, used 22400K [0x00000006c0000000, 0x00000006ca680000, 0x000000076ab00000)
  object space 170496K, 13% used [0x00000006c0000000,0x00000006c15e0340,0x00000006ca680000)
 Metaspace       used 46614K, capacity 47557K, committed 47704K, reserved 1089536K
  class space    used 7497K, capacity 7693K, committed 7808K, reserved 1048576K
Event: 115.030 GC heap after
Heap after GC invocations=17 (full 2):
 PSYoungGen      total 429568K, used 21962K [0x000000076ab00000, 0x000000078a280000, 0x00000007c0000000)
  eden space 397312K, 0% used [0x000000076ab00000,0x000000076ab00000,0x0000000782f00000)
  from space 32256K, 68% used [0x0000000782f00000,0x0000000784472908,0x0000000784e80000)
  to   space 31232K, 0% used [0x0000000788400000,0x0000000788400000,0x000000078a280000)
 ParOldGen       total 170496K, used 22400K [0x00000006c0000000, 0x00000006ca680000, 0x000000076ab00000)
  object space 170496K, 13% used [0x00000006c0000000,0x00000006c15e0340,0x00000006ca680000)
 Metaspace       used 46614K, capacity 47557K, committed 47704K, reserved 1089536K
  class space    used 7497K, capacity 7693K, committed 7808K, reserved 1048576K
}
Event: 116.267 GC heap before
{Heap before GC invocations=18 (full 2):
 PSYoungGen      total 429568K, used 419274K [0x000000076ab00000, 0x000000078a280000, 0x00000007c0000000)
  eden space 397312K, 100% used [0x000000076ab00000,0x0000000782f00000,0x0000000782f00000)
  from space 32256K, 68% used [0x0000000782f00000,0x0000000784472908,0x0000000784e80000)
  to   space 31232K, 0% used [0x0000000788400000,0x0000000788400000,0x000000078a280000)
 ParOldGen       total 170496K, used 22400K [0x00000006c0000000, 0x00000006ca680000, 0x000000076ab00000)
  object space 170496K, 13% used [0x00000006c0000000,0x00000006c15e0340,0x00000006ca680000)
 Metaspace       used 46627K, capacity 47557K, committed 47704K, reserved 1089536K
  class space    used 7497K, capacity 7693K, committed 7808K, reserved 1048576K
Event: 116.282 GC heap after
Heap after GC invocations=18 (full 2):
 PSYoungGen      total 483840K, used 23690K [0x000000076ab00000, 0x000000078a980000, 0x00000007c0000000)
  eden space 452608K, 0% used [0x000000076ab00000,0x000000076ab00000,0x0000000786500000)
  from space 31232K, 75% used [0x0000000788400000,0x0000000789b228f8,0x000000078a280000)
  to   space 31744K, 0% used [0x0000000786500000,0x0000000786500000,0x0000000788400000)
 ParOldGen       total 170496K, used 22408K [0x00000006c0000000, 0x00000006ca680000, 0x000000076ab00000)
  object space 170496K, 13% used [0x00000006c0000000,0x00000006c15e2340,0x00000006ca680000)
 Metaspace       used 46627K, capacity 47557K, committed 47704K, reserved 1089536K
  class space    used 7497K, capacity 7693K, committed 7808K, reserved 1048576K
}
Event: 117.897 GC heap before
{Heap before GC invocations=19 (full 2):
 PSYoungGen      total 483840K, used 476298K [0x000000076ab00000, 0x000000078a980000, 0x00000007c0000000)
  eden space 452608K, 100% used [0x000000076ab00000,0x0000000786500000,0x0000000786500000)
  from space 31232K, 75% used [0x0000000788400000,0x0000000789b228f8,0x000000078a280000)
  to   space 31744K, 0% used [0x0000000786500000,0x0000000786500000,0x0000000788400000)
 ParOldGen       total 170496K, used 22408K [0x00000006c0000000, 0x00000006ca680000, 0x000000076ab00000)
  object space 170496K, 13% used [0x00000006c0000000,0x00000006c15e2340,0x00000006ca680000)
 Metaspace       used 46639K, capacity 47557K, committed 47704K, reserved 1089536K
  class space    used 7497K, capacity 7693K, committed 7808K, reserved 1048576K
Event: 117.910 GC heap after
Heap after GC invocations=19 (full 2):
 PSYoungGen      total 484352K, used 21946K [0x000000076ab00000, 0x000000078ce00000, 0x00000007c0000000)
  eden space 452608K, 0% used [0x000000076ab00000,0x000000076ab00000,0x0000000786500000)
  from space 31744K, 69% used [0x0000000786500000,0x0000000787a6ea88,0x0000000788400000)
  to   space 30720K, 0% used [0x000000078b000000,0x000000078b000000,0x000000078ce00000)
 ParOldGen       total 170496K, used 22416K [0x00000006c0000000, 0x00000006ca680000, 0x000000076ab00000)
  object space 170496K, 13% used [0x00000006c0000000,0x00000006c15e4340,0x00000006ca680000)
 Metaspace       used 46639K, capacity 47557K, committed 47704K, reserved 1089536K
  class space    used 7497K, capacity 7693K, committed 7808K, reserved 1048576K
}

