# JRE version: Java(TM) SE Runtime Environment (8.0_161-b12) (build 1.8.0_161-b12)
# Java VM: Java HotSpot(TM) 64-Bit Server VM (25.161-b12 mixed mode bsd-amd64 compressed oops)
Heap:
 PSYoungGen      total 352768K, used 247008K [0x000000076ab00000, 0x0000000782780000, 0x00000007c0000000)
  eden space 327168K, 67% used [0x000000076ab00000,0x00000007783a9918,0x000000077ea80000)
  from space 25600K, 98% used [0x0000000780e80000,0x000000078270e768,0x0000000782780000)
  to   space 30208K, 0% used [0x000000077ec80000,0x000000077ec80000,0x0000000780a00000)
 ParOldGen       total 136192K, used 35815K [0x00000006c0000000, 0x00000006c8500000, 0x000000076ab00000)
  object space 136192K, 26% used [0x00000006c0000000,0x00000006c22f9f08,0x00000006c8500000)
 Metaspace       used 46239K, capacity 47297K, committed 47448K, reserved 1089536K
  class space    used 7490K, capacity 7741K, committed 7808K, reserved 1048576K
GC Heap History (10 events):
Event: 3.599 GC heap before
{Heap before GC invocations=6 (full 1):
 PSYoungGen      total 141824K, used 131072K [0x000000076ab00000, 0x0000000774000000, 0x00000007c0000000)
  eden space 131072K, 100% used [0x000000076ab00000,0x0000000772b00000,0x0000000772b00000)
  from space 10752K, 0% used [0x0000000773580000,0x0000000773580000,0x0000000774000000)
  to   space 10752K, 0% used [0x0000000772b00000,0x0000000772b00000,0x0000000773580000)
 ParOldGen       total 99328K, used 12751K [0x00000006c0000000, 0x00000006c6100000, 0x000000076ab00000)
  object space 99328K, 12% used [0x00000006c0000000,0x00000006c0c73dd0,0x00000006c6100000)
 Metaspace       used 21271K, capacity 21463K, committed 21504K, reserved 1067008K
  class space    used 4022K, capacity 4090K, committed 4096K, reserved 1048576K
Event: 3.615 GC heap after
Heap after GC invocations=6 (full 1):
 PSYoungGen      total 141824K, used 9275K [0x000000076ab00000, 0x000000077a580000, 0x00000007c0000000)
  eden space 131072K, 0% used [0x000000076ab00000,0x000000076ab00000,0x0000000772b00000)
  from space 10752K, 86% used [0x0000000772b00000,0x000000077340ef18,0x0000000773580000)
  to   space 15872K, 0% used [0x0000000779600000,0x0000000779600000,0x000000077a580000)
 ParOldGen       total 99328K, used 12759K [0x00000006c0000000, 0x00000006c6100000, 0x000000076ab00000)
  object space 99328K, 12% used [0x00000006c0000000,0x00000006c0c75dd0,0x00000006c6100000)
 Metaspace       used 21271K, capacity 21463K, committed 21504K, reserved 1067008K
  class space    used 4022K, capacity 4090K, committed 4096K, reserved 1048576K
}
Event: 5.965 GC heap before
{Heap before GC invocations=7 (full 1):
 PSYoungGen      total 141824K, used 122974K [0x000000076ab00000, 0x000000077a580000, 0x00000007c0000000)
  eden space 131072K, 86% used [0x000000076ab00000,0x0000000771a08a18,0x0000000772b00000)
  from space 10752K, 86% used [0x0000000772b00000,0x000000077340ef18,0x0000000773580000)
  to   space 15872K, 0% used [0x0000000779600000,0x0000000779600000,0x000000077a580000)
 ParOldGen       total 99328K, used 12759K [0x00000006c0000000, 0x00000006c6100000, 0x000000076ab00000)
  object space 99328K, 12% used [0x00000006c0000000,0x00000006c0c75dd0,0x00000006c6100000)
 Metaspace       used 34682K, capacity 35355K, committed 35416K, reserved 1079296K
  class space    used 5847K, capacity 6013K, committed 6016K, reserved 1048576K
Event: 5.977 GC heap after
Heap after GC invocations=7 (full 1):
 PSYoungGen      total 231424K, used 13530K [0x000000076ab00000, 0x000000077a380000, 0x00000007c0000000)
  eden space 217600K, 0% used [0x000000076ab00000,0x000000076ab00000,0x0000000777f80000)
  from space 13824K, 97% used [0x0000000779600000,0x000000077a336ae0,0x000000077a380000)
  to   space 16384K, 0% used [0x0000000778380000,0x0000000778380000,0x0000000779380000)
 ParOldGen       total 99328K, used 12767K [0x00000006c0000000, 0x00000006c6100000, 0x000000076ab00000)
  object space 99328K, 12% used [0x00000006c0000000,0x00000006c0c77dd0,0x00000006c6100000)
 Metaspace       used 34682K, capacity 35355K, committed 35416K, reserved 1079296K
  class space    used 5847K, capacity 6013K, committed 6016K, reserved 1048576K
}
Event: 5.977 GC heap before
{Heap before GC invocations=8 (full 2):
 PSYoungGen      total 231424K, used 13530K [0x000000076ab00000, 0x000000077a380000, 0x00000007c0000000)
  eden space 217600K, 0% used [0x000000076ab00000,0x000000076ab00000,0x0000000777f80000)
  from space 13824K, 97% used [0x0000000779600000,0x000000077a336ae0,0x000000077a380000)
  to   space 16384K, 0% used [0x0000000778380000,0x0000000778380000,0x0000000779380000)
 ParOldGen       total 99328K, used 12767K [0x00000006c0000000, 0x00000006c6100000, 0x000000076ab00000)
  object space 99328K, 12% used [0x00000006c0000000,0x00000006c0c77dd0,0x00000006c6100000)
 Metaspace       used 34682K, capacity 35355K, committed 35416K, reserved 1079296K
  class space    used 5847K, capacity 6013K, committed 6016K, reserved 1048576K
Event: 6.061 GC heap after
Heap after GC invocations=8 (full 2):
 PSYoungGen      total 231424K, used 0K [0x000000076ab00000, 0x000000077a380000, 0x00000007c0000000)
  eden space 217600K, 0% used [0x000000076ab00000,0x000000076ab00000,0x0000000777f80000)
  from space 13824K, 0% used [0x0000000779600000,0x0000000779600000,0x000000077a380000)
  to   space 16384K, 0% used [0x0000000778380000,0x0000000778380000,0x0000000779380000)
 ParOldGen       total 136192K, used 17269K [0x00000006c0000000, 0x00000006c8500000, 0x000000076ab00000)
  object space 136192K, 12% used [0x00000006c0000000,0x00000006c10dd630,0x00000006c8500000)
 Metaspace       used 34682K, capacity 35355K, committed 35416K, reserved 1079296K
  class space    used 5847K, capacity 6013K, committed 6016K, reserved 1048576K
}
Event: 55.517 GC heap before
{Heap before GC invocations=9 (full 2):
 PSYoungGen      total 231424K, used 217600K [0x000000076ab00000, 0x000000077a380000, 0x00000007c0000000)
  eden space 217600K, 100% used [0x000000076ab00000,0x0000000777f80000,0x0000000777f80000)
  from space 13824K, 0% used [0x0000000779600000,0x0000000779600000,0x000000077a380000)
  to   space 16384K, 0% used [0x0000000778380000,0x0000000778380000,0x0000000779380000)
 ParOldGen       total 136192K, used 17269K [0x00000006c0000000, 0x00000006c8500000, 0x000000076ab00000)
  object space 136192K, 12% used [0x00000006c0000000,0x00000006c10dd630,0x00000006c8500000)
 Metaspace       used 45437K, capacity 46469K, committed 46808K, reserved 1089536K
  class space    used 7372K, capacity 7587K, committed 7680K, reserved 1048576K
Event: 55.539 GC heap after
Heap after GC invocations=9 (full 2):
 PSYoungGen      total 238080K, used 16372K [0x000000076ab00000, 0x0000000782980000, 0x00000007c0000000)
  eden space 221696K, 0% used [0x000000076ab00000,0x000000076ab00000,0x0000000778380000)
  from space 16384K, 99% used [0x0000000778380000,0x000000077937d108,0x0000000779380000)
  to   space 27648K, 0% used [0x0000000780e80000,0x0000000780e80000,0x0000000782980000)
 ParOldGen       total 136192K, used 35815K [0x00000006c0000000, 0x00000006c8500000, 0x000000076ab00000)
  object space 136192K, 26% used [0x00000006c0000000,0x00000006c22f9f08,0x00000006c8500000)
 Metaspace       used 45437K, capacity 46469K, committed 46808K, reserved 1089536K
  class space    used 7372K, capacity 7587K, committed 7680K, reserved 1048576K
}
Event: 85.783 GC heap before
{Heap before GC invocations=10 (full 2):
 PSYoungGen      total 238080K, used 238068K [0x000000076ab00000, 0x0000000782980000, 0x00000007c0000000)
  eden space 221696K, 100% used [0x000000076ab00000,0x0000000778380000,0x0000000778380000)
  from space 16384K, 99% used [0x0000000778380000,0x000000077937d108,0x0000000779380000)
  to   space 27648K, 0% used [0x0000000780e80000,0x0000000780e80000,0x0000000782980000)
 ParOldGen       total 136192K, used 35815K [0x00000006c0000000, 0x00000006c8500000, 0x000000076ab00000)
  object space 136192K, 26% used [0x00000006c0000000,0x00000006c22f9f08,0x00000006c8500000)
 Metaspace       used 46042K, capacity 47161K, committed 47448K, reserved 1089536K
  class space    used 7487K, capacity 7739K, committed 7808K, reserved 1048576K
Event: 85.797 GC heap after
Heap after GC invocations=10 (full 2):
 PSYoungGen      total 352768K, used 25145K [0x000000076ab00000, 0x0000000782780000, 0x00000007c0000000)
  eden space 327168K, 0% used [0x000000076ab00000,0x000000076ab00000,0x000000077ea80000)
  from space 25600K, 98% used [0x0000000780e80000,0x000000078270e768,0x0000000782780000)
  to   space 30208K, 0% used [0x000000077ec80000,0x000000077ec80000,0x0000000780a00000)
 ParOldGen       total 136192K, used 35815K [0x00000006c0000000, 0x00000006c8500000, 0x000000076ab00000)
  object space 136192K, 26% used [0x00000006c0000000,0x00000006c22f9f08,0x00000006c8500000)
 Metaspace       used 46042K, capacity 47161K, committed 47448K, reserved 1089536K
  class space    used 7487K, capacity 7739K, committed 7808K, reserved 1048576K
}

